<?xml version="1.0" encoding="UTF-8"?>
<!-- Generated by org.testng.reporters.JUnitXMLReporter -->
<testsuite hostname="KISHORZZZZ-PC" ignored="0" name="Test" tests="3" failures="1" timestamp="29 Dec 2018 17:07:55 GMT" time="29.88" errors="0">
  <testcase name="testValidLogin" time="3.512" classname="scripts.TestValidLogin"/>
  <testcase name="testInvalidLogin" time="7.041" classname="scripts.TestInvalidLogin">
    <failure type="java.lang.AssertionError" message="null">
      <![CDATA[java.lang.AssertionError: null
	at scripts.TestInvalidLogin.testInvalidLogin(TestInvalidLogin.java:25)
... Removed 27 stack frames]]>
    </failure>
  </testcase> <!-- testInvalidLogin -->
  <testcase name="pub" time="0.001" classname="scripts.TestProductVersion"/>
</testsuite> <!-- Test -->
