<?xml version="1.0" encoding="UTF-8"?>
<!-- Generated by org.testng.reporters.JUnitXMLReporter -->
<testsuite hostname="KISHORZZZZ-PC" ignored="0" name="Test" tests="3" failures="1" timestamp="12 Dec 2018 12:04:57 GMT" time="19.231" errors="0">
  <testcase name="a" time="0.016" classname="scripts.abc">
    <failure type="java.lang.AssertionError" message="null">
      <![CDATA[java.lang.AssertionError: null
	at scripts.abc.a(abc.java:11)
... Removed 27 stack frames]]>
    </failure>
  </testcase> <!-- a -->
  <testcase name="testValidLogin" time="1.996" classname="scripts.TestValidLogin"/>
  <testcase name="testInvalidLogin" time="5.004" classname="scripts.TestInvalidLogin"/>
</testsuite> <!-- Test -->
