<?xml version="1.0" encoding="UTF-8"?>
<!-- Generated by org.testng.reporters.JUnitXMLReporter -->
<testsuite hostname="KISHORZZZZ-PC" ignored="0" name="Test" tests="3" failures="0" timestamp="02 Jan 2019 17:44:56 GMT" time="67.857" errors="0">
  <testcase name="testValidLogin" time="7.299" classname="scripts.TestValidLogin"/>
  <testcase name="testInvalidLogin" time="7.89" classname="scripts.TestInvalidLogin"/>
  <testcase name="pub" time="0.0" classname="scripts.TestProductVersion"/>
</testsuite> <!-- Test -->
