<?xml version="1.0" encoding="UTF-8"?>
<!-- Generated by org.testng.reporters.JUnitXMLReporter -->
<testsuite hostname="KISHORZZZZ-PC" ignored="0" name="Test" tests="3" failures="0" timestamp="22 Dec 2018 11:03:14 GMT" time="32.542" errors="0">
  <testcase name="testAbc" time="0.71" classname="scripts.Abc"/>
  <testcase name="testValidLogin" time="1.527" classname="scripts.TestValidLogin"/>
  <testcase name="testInvalidLogin" time="6.75" classname="scripts.TestInvalidLogin"/>
</testsuite> <!-- Test -->
