<?xml version="1.0" encoding="UTF-8"?>
<!-- Generated by org.testng.reporters.JUnitXMLReporter -->
<testsuite hostname="KISHORZZZZ-PC" ignored="0" name="Test(failed)" tests="1" failures="1" timestamp="29 Dec 2018 17:08:59 GMT" time="20.522" errors="0">
  <testcase name="testInvalidLogin" time="7.602" classname="scripts.TestInvalidLogin">
    <failure type="java.lang.AssertionError" message="null">
      <![CDATA[java.lang.AssertionError: null
	at scripts.TestInvalidLogin.testInvalidLogin(TestInvalidLogin.java:25)
... Removed 27 stack frames]]>
    </failure>
  </testcase> <!-- testInvalidLogin -->
</testsuite> <!-- Test(failed) -->
