<?xml version="1.0" encoding="UTF-8"?>
<testng-results skipped="0" failed="0" ignored="0" total="2" passed="2">
  <reporter-output>
  </reporter-output>
  <suite name="Suite" duration-ms="30046" started-at="2018-09-24T14:40:01Z" finished-at="2018-09-24T14:40:31Z">
    <groups>
    </groups>
    <test name="Test" duration-ms="30046" started-at="2018-09-24T14:40:01Z" finished-at="2018-09-24T14:40:31Z">
      <class name="scripts.TestValidLogin">
        <test-method status="PASS" signature="launchApplication()[pri:0, instance:scripts.TestValidLogin@4667ae56]" name="launchApplication" is-config="true" duration-ms="12387" started-at="2018-09-24T20:10:01Z" finished-at="2018-09-24T20:10:14Z">
          <reporter-output>
          </reporter-output>
        </test-method> <!-- launchApplication -->
        <test-method status="PASS" signature="testValidLogin()[pri:0, instance:scripts.TestValidLogin@4667ae56]" name="testValidLogin" duration-ms="4041" started-at="2018-09-24T20:10:14Z" finished-at="2018-09-24T20:10:18Z">
          <reporter-output>
          </reporter-output>
        </test-method> <!-- testValidLogin -->
        <test-method status="PASS" signature="closeApplication(org.testng.ITestResult)[pri:0, instance:scripts.TestValidLogin@4667ae56]" name="closeApplication" is-config="true" duration-ms="245" started-at="2018-09-24T20:10:18Z" finished-at="2018-09-24T20:10:18Z">
          <params>
            <param index="0">
              <value>
                <![CDATA[[TestResult name=testValidLogin status=SUCCESS method=TestValidLogin.testValidLogin()[pri:0, instance:scripts.TestValidLogin@4667ae56] output={null}]]]>
              </value>
            </param>
          </params>
          <reporter-output>
          </reporter-output>
        </test-method> <!-- closeApplication -->
      </class> <!-- scripts.TestValidLogin -->
      <class name="scripts.TestInvalidLogin">
        <test-method status="PASS" signature="launchApplication()[pri:0, instance:scripts.TestInvalidLogin@77cd7a0]" name="launchApplication" is-config="true" duration-ms="6653" started-at="2018-09-24T20:10:18Z" finished-at="2018-09-24T20:10:25Z">
          <reporter-output>
          </reporter-output>
        </test-method> <!-- launchApplication -->
        <test-method status="PASS" signature="testInvalidLogin()[pri:0, instance:scripts.TestInvalidLogin@77cd7a0]" name="testInvalidLogin" duration-ms="6568" started-at="2018-09-24T20:10:25Z" finished-at="2018-09-24T20:10:31Z">
          <reporter-output>
          </reporter-output>
        </test-method> <!-- testInvalidLogin -->
        <test-method status="PASS" signature="closeApplication(org.testng.ITestResult)[pri:0, instance:scripts.TestInvalidLogin@77cd7a0]" name="closeApplication" is-config="true" duration-ms="107" started-at="2018-09-24T20:10:31Z" finished-at="2018-09-24T20:10:31Z">
          <params>
            <param index="0">
              <value>
                <![CDATA[[TestResult name=testInvalidLogin status=SUCCESS method=TestInvalidLogin.testInvalidLogin()[pri:0, instance:scripts.TestInvalidLogin@77cd7a0] output={null}]]]>
              </value>
            </param>
          </params>
          <reporter-output>
          </reporter-output>
        </test-method> <!-- closeApplication -->
      </class> <!-- scripts.TestInvalidLogin -->
    </test> <!-- Test -->
  </suite> <!-- Suite -->
</testng-results>
